


          SolidWorks Corporation - STEP Processor Error Log
          ______________________________________________________

                       STEP Post Processor
                       ___________________


STEP File Name: C:\Users\IlyesIlno\Desktop\S3\PFE\guideme\sw\ARDUINO v2.STEP



Error: Entity type not supported.
STEP-in did not complete successfully.

Error: Entity type not supported.
STEP-in did not complete successfully.

Error: Entity type not supported.
STEP-in did not complete successfully.

Error: Entity type not supported.
STEP-in did not complete successfully.

Error: Entity type not supported.
STEP-in did not complete successfully.

Error: Entity type not supported.
STEP-in did not complete successfully.

Error: Entity type not supported.
STEP-in did not complete successfully.

Error: Entity type not supported.
STEP-in did not complete successfully.

Error: Entity type not supported.
STEP-in did not complete successfully.

Error: Entity type not supported.
STEP-in did not complete successfully.

Error: Entity type not supported.
STEP-in did not complete successfully.

Error: Entity type not supported.
STEP-in did not complete successfully.

Error: Entity type not supported.
STEP-in did not complete successfully.

Error: Entity type not supported.
STEP-in did not complete successfully.

Error: Entity type not supported.
STEP-in did not complete successfully.

Error: Entity type not supported.
STEP-in did not complete successfully.

Error: Entity type not supported.
STEP-in did not complete successfully.

Error: Entity type not supported.
STEP-in did not complete successfully.

Error: Entity type not supported.
STEP-in did not complete successfully.

Error: Entity type not supported.
STEP-in did not complete successfully.

Error: Entity type not supported.
STEP-in did not complete successfully.

Error: Entity type not supported.
STEP-in did not complete successfully.

Error: Entity type not supported.
STEP-in did not complete successfully.

Error: Entity type not supported.
STEP-in did not complete successfully.

Error: Entity type not supported.
STEP-in did not complete successfully.

Error: Entity type not supported.
STEP-in did not complete successfully.

Error: Entity type not supported.
STEP-in did not complete successfully.

Error: Entity type not supported.
STEP-in did not complete successfully.

Error: Entity type not supported.
STEP-in did not complete successfully.

Error: Entity type not supported.
STEP-in did not complete successfully.

Error: Entity type not supported.
STEP-in did not complete successfully.

Error: Entity type not supported.
STEP-in did not complete successfully.

Error: Entity type not supported.
STEP-in did not complete successfully.

Error: Entity type not supported.
STEP-in did not complete successfully.

Error: Entity type not supported.
STEP-in did not complete successfully.

Error: Entity type not supported.
STEP-in did not complete successfully.

Error: Entity type not supported.
STEP-in did not complete successfully.

Error: Entity type not supported.
STEP-in did not complete successfully.

Error: Entity type not supported.
STEP-in did not complete successfully.

Error: Entity type not supported.
STEP-in did not complete successfully.

Error: Entity type not supported.
STEP-in did not complete successfully.

Error: Entity type not supported.
STEP-in did not complete successfully.

Error: Entity type not supported.
STEP-in did not complete successfully.

Error: Entity type not supported.
STEP-in did not complete successfully.

Error: Entity type not supported.
STEP-in did not complete successfully.

Error: Entity type not supported.
STEP-in did not complete successfully.

Error: Entity type not supported.
STEP-in did not complete successfully.

Error: Entity type not supported.
STEP-in did not complete successfully.

Error: Entity type not supported.
STEP-in did not complete successfully.

Error: Entity type not supported.
STEP-in did not complete successfully.

Error: Entity type not supported.
STEP-in did not complete successfully.

Error: Entity type not supported.
STEP-in did not complete successfully.

Error: Entity type not supported.
STEP-in did not complete successfully.

Error: Entity type not supported.
STEP-in did not complete successfully.

Error: Entity type not supported.
STEP-in did not complete successfully.

Error: Entity type not supported.
STEP-in did not complete successfully.

Error: Entity type not supported.
STEP-in did not complete successfully.

Error: Entity type not supported.
STEP-in did not complete successfully.

Error: Entity type not supported.
STEP-in did not complete successfully.

Error: Entity type not supported.
STEP-in did not complete successfully.

Error: Entity type not supported.
STEP-in did not complete successfully.

Error: Entity type not supported.
STEP-in did not complete successfully.

Error: Entity type not supported.
STEP-in did not complete successfully.

Error: Entity type not supported.
STEP-in did not complete successfully.

Error: Entity type not supported.
STEP-in did not complete successfully.

Error: Entity type not supported.
STEP-in did not complete successfully.

Error: Entity type not supported.
STEP-in did not complete successfully.

Error: Entity type not supported.
STEP-in did not complete successfully.

Error: Entity type not supported.
STEP-in did not complete successfully.

Error: Entity type not supported.
STEP-in did not complete successfully.

Error: Entity type not supported.
STEP-in did not complete successfully.

Error: Assembly file detected. Import not allowed.
STEP-in did not complete successfully.
